[2019-04-03 08:58:34.390] [exthost1] [info] extension host started
[2019-04-03 08:58:35.030] [exthost1] [info] extension host started
[2019-04-03 08:58:35.078] [exthost1] [info] ExtensionService#_doActivateExtension vscode.debug-auto-launch {"startup":true,"activationEvent":"*"}
[2019-04-03 08:58:35.079] [exthost1] [info] ExtensionService#loadCommonJSModule c:\Users\Norsys-Nantes-15\.codemix\engine\resources\app\extensions\debug-auto-launch\out\extension
[2019-04-03 08:58:35.095] [exthost1] [info] ExtensionService#_doActivateExtension vscode.emmet {"startup":true,"activationEvent":"*"}
[2019-04-03 08:58:35.095] [exthost1] [info] ExtensionService#loadCommonJSModule c:\Users\Norsys-Nantes-15\.codemix\engine\resources\app\extensions\emmet\dist\extension
[2019-04-03 08:58:35.192] [exthost1] [info] ExtensionService#_doActivateExtension vscode.merge-conflict {"startup":true,"activationEvent":"*"}
[2019-04-03 08:58:35.192] [exthost1] [info] ExtensionService#loadCommonJSModule c:\Users\Norsys-Nantes-15\.codemix\engine\resources\app\extensions\merge-conflict\out\extension
[2019-04-03 08:58:35.221] [exthost1] [info] ExtensionService#_doActivateExtension vscode.search-rg {"startup":true,"activationEvent":"*"}
[2019-04-03 08:58:35.221] [exthost1] [info] ExtensionService#loadCommonJSModule c:\Users\Norsys-Nantes-15\.codemix\engine\resources\app\extensions\search-rg\out\extension
[2019-04-03 08:58:35.237] [exthost1] [info] eager extensions activated
[2019-04-03 08:58:35.238] [exthost1] [info] ExtensionService#_doActivateExtension vscode.configuration-editing {"startup":false,"activationEvent":"onLanguage:jsonc"}
[2019-04-03 08:58:35.238] [exthost1] [info] ExtensionService#loadCommonJSModule c:\Users\Norsys-Nantes-15\.codemix\engine\resources\app\extensions\configuration-editing\out\extension
[2019-04-03 08:58:35.264] [exthost1] [info] ExtensionService#_doActivateExtension vscode.json-language-features {"startup":false,"activationEvent":"onLanguage:jsonc"}
[2019-04-03 08:58:35.264] [exthost1] [info] ExtensionService#loadCommonJSModule c:\Users\Norsys-Nantes-15\.codemix\engine\resources\app\extensions\json-language-features\client\dist\jsonMain
[2019-04-03 08:58:36.414] [exthost1] [info] ExtensionService#_doActivateExtension vscode.typescript-language-features {"startup":false,"activationEvent":"onLanguage:jsonc"}
[2019-04-03 08:58:36.414] [exthost1] [info] ExtensionService#loadCommonJSModule c:\Users\Norsys-Nantes-15\.codemix\engine\resources\app\extensions\typescript-language-features\dist\extension
[2019-04-03 08:58:37.282] [exthost1] [info] ExtensionService#_doActivateExtension vscode.grunt {"startup":false,"activationEvent":"onCommand:workbench.action.tasks.runTask"}
[2019-04-03 08:58:37.282] [exthost1] [info] ExtensionService#loadCommonJSModule c:\Users\Norsys-Nantes-15\.codemix\engine\resources\app\extensions\grunt\out\main
[2019-04-03 08:58:37.338] [exthost1] [info] ExtensionService#_doActivateExtension vscode.gulp {"startup":false,"activationEvent":"onCommand:workbench.action.tasks.runTask"}
[2019-04-03 08:58:37.338] [exthost1] [info] ExtensionService#loadCommonJSModule c:\Users\Norsys-Nantes-15\.codemix\engine\resources\app\extensions\gulp\out\main
[2019-04-03 08:58:37.403] [exthost1] [info] ExtensionService#_doActivateExtension vscode.jake {"startup":false,"activationEvent":"onCommand:workbench.action.tasks.runTask"}
[2019-04-03 08:58:37.403] [exthost1] [info] ExtensionService#loadCommonJSModule c:\Users\Norsys-Nantes-15\.codemix\engine\resources\app\extensions\jake\out\main
[2019-04-03 08:58:37.471] [exthost1] [info] ExtensionService#_doActivateExtension vscode.npm {"startup":false,"activationEvent":"onCommand:workbench.action.tasks.runTask"}
[2019-04-03 08:58:37.471] [exthost1] [info] ExtensionService#loadCommonJSModule c:\Users\Norsys-Nantes-15\.codemix\engine\resources\app\extensions\npm\out\main
